mode: set
github.com/Brownei/api-generation-api/services/api_key.go:28.51,30.2 1 1
github.com/Brownei/api-generation-api/services/api_key.go:32.102,35.31 3 1
github.com/Brownei/api-generation-api/services/api_key.go:35.31,37.3 1 1
github.com/Brownei/api-generation-api/services/api_key.go:39.2,40.16 2 1
github.com/Brownei/api-generation-api/services/api_key.go:40.16,42.3 1 0
github.com/Brownei/api-generation-api/services/api_key.go:44.2,45.40 2 1
github.com/Brownei/api-generation-api/services/api_key.go:45.40,48.3 2 1
github.com/Brownei/api-generation-api/services/api_key.go:50.2,57.50 2 1
github.com/Brownei/api-generation-api/services/api_key.go:57.50,59.3 1 0
github.com/Brownei/api-generation-api/services/api_key.go:61.2,61.20 1 1
github.com/Brownei/api-generation-api/services/api_key.go:64.71,66.101 2 1
github.com/Brownei/api-generation-api/services/api_key.go:66.101,68.3 1 0
github.com/Brownei/api-generation-api/services/api_key.go:69.2,69.18 1 1
github.com/Brownei/api-generation-api/services/api_key.go:72.64,74.25 2 1
github.com/Brownei/api-generation-api/services/api_key.go:74.25,76.3 1 0
github.com/Brownei/api-generation-api/services/api_key.go:77.2,77.30 1 1
github.com/Brownei/api-generation-api/services/api_key.go:77.30,79.3 1 1
github.com/Brownei/api-generation-api/services/api_key.go:80.2,80.12 1 1
github.com/Brownei/api-generation-api/services/api_key.go:83.78,85.97 2 1
github.com/Brownei/api-generation-api/services/api_key.go:85.97,86.45 1 1
github.com/Brownei/api-generation-api/services/api_key.go:86.45,88.4 1 1
github.com/Brownei/api-generation-api/services/api_key.go:89.3,89.18 1 0
github.com/Brownei/api-generation-api/services/api_key.go:92.2,94.51 2 1
github.com/Brownei/api-generation-api/services/api_key.go:97.72,99.72 2 1
github.com/Brownei/api-generation-api/services/api_key.go:99.72,100.45 1 1
github.com/Brownei/api-generation-api/services/api_key.go:100.45,102.4 1 1
github.com/Brownei/api-generation-api/services/api_key.go:103.3,103.18 1 0
github.com/Brownei/api-generation-api/services/api_key.go:106.2,106.22 1 1
github.com/Brownei/api-generation-api/services/api_key.go:106.22,108.3 1 1
github.com/Brownei/api-generation-api/services/api_key.go:110.2,110.68 1 1
github.com/Brownei/api-generation-api/services/api_key.go:110.68,112.3 1 1
github.com/Brownei/api-generation-api/services/api_key.go:114.2,116.21 2 1
github.com/Brownei/api-generation-api/services/api_key.go:119.42,121.44 2 1
github.com/Brownei/api-generation-api/services/api_key.go:121.44,123.3 1 0
github.com/Brownei/api-generation-api/services/api_key.go:124.2,124.39 1 1
github.com/Brownei/api-generation-api/services/auth.go:25.70,27.2 1 0
github.com/Brownei/api-generation-api/services/auth.go:35.80,47.2 3 0
github.com/Brownei/api-generation-api/services/auth.go:49.74,50.104 1 0
github.com/Brownei/api-generation-api/services/auth.go:50.104,52.3 1 0
github.com/Brownei/api-generation-api/services/auth.go:54.2,54.16 1 0
github.com/Brownei/api-generation-api/services/auth.go:54.16,56.3 1 0
github.com/Brownei/api-generation-api/services/auth.go:58.2,58.61 1 0
github.com/Brownei/api-generation-api/services/auth.go:58.61,60.3 1 0
github.com/Brownei/api-generation-api/services/auth.go:62.2,62.29 1 0
github.com/Brownei/api-generation-api/services/auth.go:65.66,67.72 2 0
github.com/Brownei/api-generation-api/services/auth.go:67.72,68.45 1 0
github.com/Brownei/api-generation-api/services/auth.go:68.45,70.4 1 0
github.com/Brownei/api-generation-api/services/auth.go:71.3,71.18 1 0
github.com/Brownei/api-generation-api/services/auth.go:73.2,73.19 1 0
github.com/Brownei/api-generation-api/services/auth.go:76.69,79.2 2 0
github.com/Brownei/api-generation-api/services/auth.go:81.65,84.2 2 0
